This file contains any messages produced by compilers while
running configure, to aid debugging if configure makes a mistake.

It was created by configure, which was
generated by GNU Autoconf 2.63.  Invocation command line was

  $ ./configure --with-bstrap-server=127.0.0.1

## --------- ##
## Platform. ##
## --------- ##

hostname = spring
uname -m = i686
uname -r = 2.6.28-17-generic
uname -s = Linux
uname -v = #58-Ubuntu SMP Tue Dec 1 18:57:07 UTC 2009

/usr/bin/uname -p = unknown
/bin/uname -X     = unknown

/bin/arch              = unknown
/usr/bin/arch -k       = unknown
/usr/convex/getsysinfo = unknown
/usr/bin/hostinfo      = unknown
/bin/machine           = unknown
/usr/bin/oslevel       = unknown
/bin/universe          = unknown

PATH: /home/rgupta/bin
PATH: /home/rgupta/bin
PATH: /usr/local/sbin
PATH: /usr/local/bin
PATH: /usr/sbin
PATH: /usr/bin
PATH: /sbin
PATH: /bin
PATH: /usr/games


## ----------- ##
## Core tests. ##
## ----------- ##

configure:1899: checking for gcc
configure:1915: found /usr/bin/gcc
configure:1926: result: gcc
configure:2158: checking for C compiler version
configure:2166: gcc --version >&5
gcc (Ubuntu 4.3.3-5ubuntu4) 4.3.3
Copyright (C) 2008 Free Software Foundation, Inc.
This is free software; see the source for copying conditions.  There is NO
warranty; not even for MERCHANTABILITY or FITNESS FOR A PARTICULAR PURPOSE.

configure:2170: $? = 0
configure:2177: gcc -v >&5
Using built-in specs.
Target: i486-linux-gnu
Configured with: ../src/configure -v --with-pkgversion='Ubuntu 4.3.3-5ubuntu4' --with-bugurl=file:///usr/share/doc/gcc-4.3/README.Bugs --enable-languages=c,c++,fortran,objc,obj-c++ --prefix=/usr --enable-shared --with-system-zlib --libexecdir=/usr/lib --without-included-gettext --enable-threads=posix --enable-nls --with-gxx-include-dir=/usr/include/c++/4.3 --program-suffix=-4.3 --enable-clocale=gnu --enable-libstdcxx-debug --enable-objc-gc --enable-mpfr --enable-targets=all --with-tune=generic --enable-checking=release --build=i486-linux-gnu --host=i486-linux-gnu --target=i486-linux-gnu
Thread model: posix
gcc version 4.3.3 (Ubuntu 4.3.3-5ubuntu4) 
configure:2181: $? = 0
configure:2188: gcc -V >&5
gcc: '-V' option must have argument
configure:2192: $? = 1
configure:2215: checking for C compiler default output file name
configure:2237: gcc    conftest.c  >&5
configure:2241: $? = 0
configure:2279: result: a.out
configure:2298: checking whether the C compiler works
configure:2308: ./a.out
configure:2312: $? = 0
configure:2331: result: yes
configure:2338: checking whether we are cross compiling
configure:2340: result: no
configure:2343: checking for suffix of executables
configure:2350: gcc -o conftest    conftest.c  >&5
configure:2354: $? = 0
configure:2380: result: 
configure:2386: checking for suffix of object files
configure:2412: gcc -c   conftest.c >&5
configure:2416: $? = 0
configure:2441: result: o
configure:2445: checking whether we are using the GNU C compiler
configure:2474: gcc -c   conftest.c >&5
configure:2481: $? = 0
configure:2498: result: yes
configure:2507: checking whether gcc accepts -g
configure:2537: gcc -c -g  conftest.c >&5
configure:2544: $? = 0
configure:2645: result: yes
configure:2662: checking for gcc option to accept ISO C89
configure:2736: gcc  -c -g -O2  conftest.c >&5
configure:2743: $? = 0
configure:2766: result: none needed
configure:2828: checking for ranlib
configure:2844: found /usr/bin/ranlib
configure:2855: result: ranlib
configure:2884: checking for bootstrap server IP Address
configure:2886: result: 127.0.0.1
configure:2904: checking for bootstrap server port number
configure:2906: result: 14455
configure:2922: checking for agent port number
configure:2924: result: 10809
configure:2941: checking for platform support
configure:2943: result: linux
configure:2954: checking for user specified platform environment file
configure:2956: result: 
configure:2966: checking for debug log directory
configure:2968: result: no
configure:3223: creating ./config.status

## ---------------------- ##
## Running config.status. ##
## ---------------------- ##

This file was extended by config.status, which was
generated by GNU Autoconf 2.63.  Invocation command line was

  CONFIG_FILES    = 
  CONFIG_HEADERS  = 
  CONFIG_LINKS    = 
  CONFIG_COMMANDS = 
  $ ./config.status 

on spring

config.status:767: creating Makefile
config.status:767: creating src/Makefile
config.status:767: creating src/util/Makefile
config.status:767: creating src/manager_lib/Makefile
config.status:767: creating src/manager_lib/network/network_sock/Makefile
config.status:767: creating src/client_lib/Makefile
config.status:767: creating src/client_lib/platforms/Makefile
config.status:767: creating src/client_lib/platforms/linux/Makefile
config.status:767: creating src/client_lib/platforms/bg/Makefile
config.status:767: creating src/client_lib/platforms/bg/zoid_client/Makefile
config.status:767: creating src/client_lib/platforms/bg/zoid_client/implementation/Makefile
config.status:767: creating src/client_lib/platforms/bg/zoid_client/client/Makefile
config.status:767: creating src/client_lib/platforms/bg/zoid_client/server/Makefile
config.status:767: creating src/agent/Makefile
config.status:767: creating include/ftb_config.h
config.status:996: executing default commands

## ---------------- ##
## Cache variables. ##
## ---------------- ##

ac_cv_c_compiler_gnu=yes
ac_cv_env_CC_set=
ac_cv_env_CC_value=
ac_cv_env_CFLAGS_set=
ac_cv_env_CFLAGS_value=
ac_cv_env_CPPFLAGS_set=
ac_cv_env_CPPFLAGS_value=
ac_cv_env_LDFLAGS_set=
ac_cv_env_LDFLAGS_value=
ac_cv_env_LIBS_set=
ac_cv_env_LIBS_value=
ac_cv_env_build_alias_set=
ac_cv_env_build_alias_value=
ac_cv_env_host_alias_set=
ac_cv_env_host_alias_value=
ac_cv_env_target_alias_set=
ac_cv_env_target_alias_value=
ac_cv_objext=o
ac_cv_prog_ac_ct_CC=gcc
ac_cv_prog_ac_ct_RANLIB=ranlib
ac_cv_prog_cc_c89=
ac_cv_prog_cc_g=yes

## ----------------- ##
## Output variables. ##
## ----------------- ##

AR='ar'
AR_BLRTS=''
BGSYS_LIB_PATH=''
BLRTS_PATH=''
CC='gcc'
CC_BLRTS=''
CFLAGS=''
CFLAGS_CLIENT='${CFLAGS_SRC} -I${abs_top_srcdir}/src/client_lib/include'
CFLAGS_FTB='-Wall -g -fPIC -I${INC_DIR}'
CFLAGS_MANAGER='${CFLAGS_SRC} -I${abs_top_srcdir}/src/manager_lib/network/include -I${abs_top_srcdir}/src/manager_lib/network/network_${network}/include ${FTB_NETWORK_CFLAG}  -I${abs_top_srcdir}/src/manager_lib/include'
CFLAGS_SRC='${CFLAGS_FTB} -I${abs_top_srcdir}/src/include -I${abs_top_srcdir}/src/manager_lib/include'
CLIENT_LIB_OBJ='${abs_top_srcdir}/src/client_lib/ftb_client_lib.o'
CPPFLAGS=''
DEFS='-DHAVE_CONFIG_H'
ECHO_C=''
ECHO_N='-n'
ECHO_T=''
ENVFILE=''
EXEEXT=''
FTB_LIB_BG_CN_NAME=''
FTB_LIB_LINUX_NAME='ftb'
FTB_LIB_PATH_SHARED='${TEMPLIB}'
FTB_LIB_PATH_STATIC='${TEMPLIB}'
FTB_NETWORK_CFLAG='-DFTB_NETWORK_SOCK'
INC_DIR='${abs_top_srcdir}/include'
LDFLAGS=''
LIBOBJS=''
LIBS=''
LIBS_PTHREAD='-lpthread'
LTLIBOBJS=''
MAKE='make'
MANAGER_LIB_NAME='ftbm'
MANAGER_LIB_PATH_SHARED='${abs_top_srcdir}/src/manager_lib/lib/shared'
MANAGER_LIB_PATH_STATIC='${abs_top_srcdir}/src/manager_lib/lib/static'
OBJEXT='o'
PACKAGE_BUGREPORT=''
PACKAGE_NAME=''
PACKAGE_STRING=''
PACKAGE_TARNAME=''
PACKAGE_VERSION=''
PATH_SEPARATOR=':'
PLATFORM=''
RANLIB='ranlib'
RANLIB_BLRTS=''
SHELL='/bin/bash'
TEMPLIB='${abs_top_srcdir}/lib'
TEMPSBIN='${abs_top_srcdir}/sbin'
UTIL_OBJ='${abs_top_srcdir}/src/util/ftb_util.o'
ZOID_CLIENT_DIR=''
ZOID_HOME=''
ZOID_LIBC_PATH=''
ZOID_SRC=''
ac_ct_CC='gcc'
bindir='${exec_prefix}/bin'
build_alias=''
clients='linux'
datadir='${datarootdir}'
datarootdir='${prefix}/share'
docdir='${datarootdir}/doc/${PACKAGE}'
dvidir='${docdir}'
exec_prefix='${prefix}'
host_alias=''
htmldir='${docdir}'
includedir='${prefix}/include'
infodir='${datarootdir}/info'
libdir='${exec_prefix}/lib'
libexecdir='${exec_prefix}/libexec'
localedir='${datarootdir}/locale'
localstatedir='${prefix}/var'
mandir='${datarootdir}/man'
network='sock'
oldincludedir='/usr/include'
pdfdir='${docdir}'
prefix='/usr/local'
program_transform_name='s,x,x,'
psdir='${docdir}'
sbindir='${exec_prefix}/sbin'
sharedstatedir='${prefix}/com'
sysconfdir='${prefix}/etc'
target_alias=''

## ----------- ##
## confdefs.h. ##
## ----------- ##

#define PACKAGE_NAME ""
#define PACKAGE_TARNAME ""
#define PACKAGE_VERSION ""
#define PACKAGE_STRING ""
#define PACKAGE_BUGREPORT ""
#define FTB_NUMVERSION 601300
#define FTB_VERSION "0.6.1"
#define FTB_BSTRAP_SERVER "127.0.0.1"
#define FTB_BSTRAP_PORT 14455
#define FTB_AGENT_PORT 10809

configure: exit 0
